2016-10-15 13:40:28,404 manager INFO 1.1.0
2016-10-15 13:40:28,404 manager INFO Copyright (C) 2003-2010
2016-10-15 13:40:28,404 manager INFO   Noriaki Ando
2016-10-15 13:40:28,404 manager INFO   Intelligent Systems Research Institute, AIST
2016-10-15 13:40:28,404 manager INFO Manager starting.
2016-10-15 13:40:28,404 manager INFO Starting local logging.
2016-10-15 13:40:28,424 manager.namingmanager INFO NameServer connection succeeded: corba/localhost
2016-10-15 13:40:30,434 ManagerServant INFO Master manager not found
2016-10-15 13:40:30,437 manager WARNING Traceback (most recent call last):
  File "C:\Python27\Lib\site-packages\OpenRTM_aist\Manager.py", line 1900, in initManagerServant
    reffile = file(self._config.getProperty("manager.refstring_path"),'w')
IOError: [Errno 2] No such file or directory: '/var/log/rtcmanager.ref'

2016-10-15 13:40:30,437 LocalServiceAdmin INFO All the local services are enabled.
2016-10-15 13:40:30,460 ec_base INFO setRate(1000000.000000) done
2016-10-15 13:40:30,460 ec_base INFO setRate(1000.000000) done
2016-10-15 13:40:30,461 rtobject INFO 1 execution context was created.
2016-10-15 13:40:30,473 rtobject INFO Initial active configuration set is default.
2016-10-15 13:40:32,128 SdoServiceAdmin WARNING No available SDO service in the factory: 
2016-10-15 13:40:32,128 SdoServiceAdmin ERROR type  already exists.
2016-10-15 13:40:32,131 SdoServiceAdmin WARNING No available SDO service in the factory: IDL:OpenRTM/ComponentObserver:1.0
2016-10-15 13:40:32,131 SdoServiceAdmin ERROR type 3f6d1e62-49e7-402e-9102-c461437c8e0e already exists.
2016-10-15 13:41:18,026 ec_base ERROR The component is not responding.
2016-10-15 13:41:18,026 ec_base ERROR Unknown error: Invalid state transition.
2016-10-15 13:41:27,316 ec_worker ERROR State of the RTC is not ACTIVE_STATE.
2016-10-15 13:41:27,323 ec_worker WARNING ExecutionContext is already stopped.
2016-10-15 13:41:27,323 ec_base ERROR Invoking on_shutdown() for each RTC failed.
