2016-10-15 13:44:16,311 manager INFO 1.1.0
2016-10-15 13:44:16,312 manager INFO Copyright (C) 2003-2010
2016-10-15 13:44:16,312 manager INFO   Noriaki Ando
2016-10-15 13:44:16,312 manager INFO   Intelligent Systems Research Institute, AIST
2016-10-15 13:44:16,312 manager INFO Manager starting.
2016-10-15 13:44:16,312 manager INFO Starting local logging.
2016-10-15 13:44:16,321 manager.namingmanager INFO NameServer connection succeeded: corba/localhost
2016-10-15 13:44:18,346 ManagerServant INFO Master manager not found
2016-10-15 13:44:18,349 manager WARNING Traceback (most recent call last):
  File "C:\Python27\Lib\site-packages\OpenRTM_aist\Manager.py", line 1900, in initManagerServant
    reffile = file(self._config.getProperty("manager.refstring_path"),'w')
IOError: [Errno 2] No such file or directory: '/var/log/rtcmanager.ref'

2016-10-15 13:44:18,351 LocalServiceAdmin INFO All the local services are enabled.
2016-10-15 13:44:18,371 ec_base INFO setRate(1000000.000000) done
2016-10-15 13:44:18,372 ec_base INFO setRate(1000.000000) done
2016-10-15 13:44:18,374 rtobject INFO 1 execution context was created.
2016-10-15 13:44:18,381 rtobject INFO Initial active configuration set is default.
2016-10-15 13:44:20,388 SdoServiceAdmin WARNING No available SDO service in the factory: 
2016-10-15 13:44:20,388 SdoServiceAdmin ERROR type  already exists.
2016-10-15 13:44:20,391 SdoServiceAdmin WARNING No available SDO service in the factory: IDL:OpenRTM/ComponentObserver:1.0
2016-10-15 13:44:20,392 SdoServiceAdmin ERROR type afe76daf-46af-4b65-ac0f-1037531a5111 already exists.
2016-10-15 13:45:03,180 ec_base ERROR The component is not responding.
2016-10-15 13:45:03,180 ec_base ERROR Unknown error: Invalid state transition.
2016-10-15 13:45:12,388 ec_worker ERROR State of the RTC is not ACTIVE_STATE.
2016-10-15 13:45:12,403 ec_worker WARNING ExecutionContext is already stopped.
2016-10-15 13:45:12,403 ec_base ERROR Invoking on_shutdown() for each RTC failed.
