2016-10-15 13:55:57,006 manager INFO 1.1.0
2016-10-15 13:55:57,006 manager INFO Copyright (C) 2003-2010
2016-10-15 13:55:57,006 manager INFO   Noriaki Ando
2016-10-15 13:55:57,006 manager INFO   Intelligent Systems Research Institute, AIST
2016-10-15 13:55:57,006 manager INFO Manager starting.
2016-10-15 13:55:57,006 manager INFO Starting local logging.
2016-10-15 13:55:57,016 manager.namingmanager INFO NameServer connection succeeded: corba/localhost
2016-10-15 13:55:59,029 ManagerServant INFO Master manager not found
2016-10-15 13:55:59,033 manager WARNING Traceback (most recent call last):
  File "C:\Python27\Lib\site-packages\OpenRTM_aist\Manager.py", line 1900, in initManagerServant
    reffile = file(self._config.getProperty("manager.refstring_path"),'w')
IOError: [Errno 2] No such file or directory: '/var/log/rtcmanager.ref'

2016-10-15 13:55:59,035 LocalServiceAdmin INFO All the local services are enabled.
2016-10-15 13:55:59,058 ec_base INFO setRate(1000000.000000) done
2016-10-15 13:55:59,058 ec_base INFO setRate(1000.000000) done
2016-10-15 13:55:59,059 rtobject INFO 1 execution context was created.
2016-10-15 13:55:59,071 rtobject INFO Initial active configuration set is default.
2016-10-15 13:56:07,739 SdoServiceAdmin WARNING No available SDO service in the factory: 
2016-10-15 13:56:07,739 SdoServiceAdmin ERROR type  already exists.
2016-10-15 13:56:07,743 SdoServiceAdmin WARNING No available SDO service in the factory: IDL:OpenRTM/ComponentObserver:1.0
2016-10-15 13:56:07,743 SdoServiceAdmin ERROR type acb00966-3ba7-405c-b1f5-f8a3bd92be15 already exists.
2016-10-15 13:58:39,891 ec_base ERROR The component is not responding.
2016-10-15 13:58:39,891 ec_base ERROR Unknown error: Invalid state transition.
2016-10-15 13:59:31,753 ec_base ERROR The component is not responding.
2016-10-15 13:59:31,753 ec_base ERROR Unknown error: Invalid state transition.
2016-10-15 14:01:38,378 ec_base ERROR The component is not responding.
2016-10-15 14:01:38,378 ec_base ERROR Unknown error: Invalid state transition.
2016-10-15 14:04:00,262 ec_base ERROR The component is not responding.
2016-10-15 14:04:00,262 ec_base ERROR Unknown error: Invalid state transition.
2016-10-15 14:04:34,960 ec_base ERROR The component is not responding.
2016-10-15 14:04:34,960 ec_base ERROR Unknown error: Invalid state transition.
2016-10-15 14:05:33,642 ec_base ERROR The component is not responding.
2016-10-15 14:05:33,642 ec_base ERROR Unknown error: Invalid state transition.
2016-10-15 14:06:01,765 ec_base ERROR The component is not responding.
2016-10-15 14:06:01,765 ec_base ERROR Unknown error: Invalid state transition.
2016-10-15 14:07:36,605 ec_base ERROR The component is not responding.
2016-10-15 14:07:36,605 ec_base ERROR Unknown error: Invalid state transition.
2016-10-15 14:08:00,747 ec_base ERROR The component is not responding.
2016-10-15 14:08:00,747 ec_base ERROR Unknown error: Invalid state transition.
2016-10-15 14:08:59,157 ec_base ERROR The component is not responding.
2016-10-15 14:08:59,157 ec_base ERROR Unknown error: Invalid state transition.
2016-10-15 14:09:46,322 ec_base ERROR The component is not responding.
2016-10-15 14:09:46,322 ec_base ERROR Unknown error: Invalid state transition.
2016-10-15 14:09:59,474 ec_base ERROR The component is not responding.
2016-10-15 14:09:59,474 ec_base ERROR Unknown error: Invalid state transition.
2016-10-15 14:11:21,671 ec_base ERROR The component is not responding.
2016-10-15 14:11:21,671 ec_base ERROR Unknown error: Invalid state transition.
2016-10-15 14:13:22,075 ec_worker ERROR State of the RTC is not ACTIVE_STATE.
2016-10-15 14:13:22,079 ec_worker WARNING ExecutionContext is already stopped.
2016-10-15 14:13:22,079 ec_base ERROR Invoking on_shutdown() for each RTC failed.
