2016-10-01 15:18:08,249 manager INFO 1.1.0
2016-10-01 15:18:08,249 manager INFO Copyright (C) 2003-2010
2016-10-01 15:18:08,249 manager INFO   Noriaki Ando
2016-10-01 15:18:08,249 manager INFO   Intelligent Systems Research Institute, AIST
2016-10-01 15:18:08,249 manager INFO Manager starting.
2016-10-01 15:18:08,249 manager INFO Starting local logging.
2016-10-01 15:18:08,266 manager.namingmanager INFO NameServer connection succeeded: corba/localhost
2016-10-01 15:18:10,286 ManagerServant INFO Master manager not found
2016-10-01 15:18:10,289 manager WARNING Traceback (most recent call last):
  File "C:\Python27\Lib\site-packages\OpenRTM_aist\Manager.py", line 1900, in initManagerServant
    reffile = file(self._config.getProperty("manager.refstring_path"),'w')
IOError: [Errno 2] No such file or directory: '/var/log/rtcmanager.ref'

2016-10-01 15:18:10,289 LocalServiceAdmin INFO All the local services are enabled.
2016-10-01 15:18:10,312 ec_base INFO setRate(1000000.000000) done
2016-10-01 15:18:10,312 ec_base INFO setRate(1000.000000) done
2016-10-01 15:18:10,313 rtobject INFO 1 execution context was created.
2016-10-01 15:18:10,325 rtobject INFO Initial active configuration set is default.
2016-10-01 15:18:28,961 SdoServiceAdmin WARNING No available SDO service in the factory: 
2016-10-01 15:18:28,961 SdoServiceAdmin ERROR type  already exists.
2016-10-01 15:18:28,969 SdoServiceAdmin WARNING No available SDO service in the factory: IDL:OpenRTM/ComponentObserver:1.0
2016-10-01 15:18:28,970 SdoServiceAdmin ERROR type d1364f54-d4c5-4f81-b7f6-0d7b54258ce2 already exists.
2016-10-01 15:20:30,444 ec_base ERROR The component is not responding.
2016-10-01 15:20:30,444 ec_base ERROR Unknown error: Invalid state transition.
2016-10-01 15:28:30,193 ec_base ERROR The component is not responding.
2016-10-01 15:28:30,193 ec_base ERROR Unknown error: Invalid state transition.
2016-10-01 15:38:13,164 ec_worker ERROR State of the RTC is not ACTIVE_STATE.
