2016-10-01 15:18:00,657 manager INFO 1.1.0
2016-10-01 15:18:00,657 manager INFO Copyright (C) 2003-2010
2016-10-01 15:18:00,657 manager INFO   Noriaki Ando
2016-10-01 15:18:00,657 manager INFO   Intelligent Systems Research Institute, AIST
2016-10-01 15:18:00,657 manager INFO Manager starting.
2016-10-01 15:18:00,657 manager INFO Starting local logging.
2016-10-01 15:18:00,664 manager.namingmanager INFO NameServer connection succeeded: corba/localhost
2016-10-01 15:18:02,677 ManagerServant INFO Master manager not found
2016-10-01 15:18:02,681 manager WARNING Traceback (most recent call last):
  File "C:\Python27\Lib\site-packages\OpenRTM_aist\Manager.py", line 1900, in initManagerServant
    reffile = file(self._config.getProperty("manager.refstring_path"),'w')
IOError: [Errno 2] No such file or directory: '/var/log/rtcmanager.ref'

2016-10-01 15:18:02,684 LocalServiceAdmin INFO All the local services are enabled.
2016-10-01 15:18:02,704 ec_base INFO setRate(1000000.000000) done
2016-10-01 15:18:02,706 ec_base INFO setRate(1000.000000) done
2016-10-01 15:18:02,707 rtobject INFO 1 execution context was created.
2016-10-01 15:18:02,720 rtobject INFO Initial active configuration set is default.
2016-10-01 15:18:24,512 SdoServiceAdmin WARNING No available SDO service in the factory: 
2016-10-01 15:18:24,512 SdoServiceAdmin ERROR type  already exists.
2016-10-01 15:18:24,516 SdoServiceAdmin WARNING No available SDO service in the factory: IDL:OpenRTM/ComponentObserver:1.0
2016-10-01 15:18:24,516 SdoServiceAdmin ERROR type 80d7b87b-8345-4464-9e73-8ca74d2d6c8c already exists.
2016-10-01 15:38:13,164 ec_worker ERROR State of the RTC is not ACTIVE_STATE.
