2016-10-18 17:31:08,329 manager INFO 1.1.0
2016-10-18 17:31:08,329 manager INFO Copyright (C) 2003-2010
2016-10-18 17:31:08,329 manager INFO   Noriaki Ando
2016-10-18 17:31:08,331 manager INFO   Intelligent Systems Research Institute, AIST
2016-10-18 17:31:08,331 manager INFO Manager starting.
2016-10-18 17:31:08,331 manager INFO Starting local logging.
2016-10-18 17:31:08,341 manager.namingmanager INFO NameServer connection succeeded: corba/localhost
2016-10-18 17:31:10,355 ManagerServant INFO Master manager not found
2016-10-18 17:31:10,358 manager WARNING Traceback (most recent call last):
  File "C:\Python27\Lib\site-packages\OpenRTM_aist\Manager.py", line 1900, in initManagerServant
    reffile = file(self._config.getProperty("manager.refstring_path"),'w')
IOError: [Errno 2] No such file or directory: '/var/log/rtcmanager.ref'

2016-10-18 17:31:10,358 LocalServiceAdmin INFO All the local services are enabled.
2016-10-18 17:31:10,377 ec_base INFO setRate(1000000.000000) done
2016-10-18 17:31:10,377 ec_base INFO setRate(1000.000000) done
2016-10-18 17:31:10,378 rtobject INFO 1 execution context was created.
2016-10-18 17:31:10,394 rtobject INFO Initial active configuration set is default.
2016-10-18 17:31:17,055 SdoServiceAdmin WARNING No available SDO service in the factory: 
2016-10-18 17:31:17,055 SdoServiceAdmin ERROR type  already exists.
2016-10-18 17:31:17,061 SdoServiceAdmin WARNING No available SDO service in the factory: IDL:OpenRTM/ComponentObserver:1.0
2016-10-18 17:31:17,061 SdoServiceAdmin ERROR type 704efecb-44ea-49a7-b26e-c5bd36aa119e already exists.
2016-10-18 17:33:02,516 ec_worker ERROR State of the RTC is not INACTIVE_STATE.
