2016-10-15 13:26:01,519 manager INFO 1.1.0
2016-10-15 13:26:01,519 manager INFO Copyright (C) 2003-2010
2016-10-15 13:26:01,519 manager INFO   Noriaki Ando
2016-10-15 13:26:01,519 manager INFO   Intelligent Systems Research Institute, AIST
2016-10-15 13:26:01,519 manager INFO Manager starting.
2016-10-15 13:26:01,519 manager INFO Starting local logging.
2016-10-15 13:26:01,551 manager.namingmanager INFO NameServer connection succeeded: corba/localhost
2016-10-15 13:26:03,615 ManagerServant INFO Master manager not found
2016-10-15 13:26:03,630 manager WARNING Traceback (most recent call last):
  File "C:\Python27\Lib\site-packages\OpenRTM_aist\Manager.py", line 1900, in initManagerServant
    reffile = file(self._config.getProperty("manager.refstring_path"),'w')
IOError: [Errno 2] No such file or directory: '/var/log/rtcmanager.ref'

2016-10-15 13:26:03,630 LocalServiceAdmin INFO All the local services are enabled.
2016-10-15 13:26:03,630 ec_base INFO setRate(1000000.000000) done
2016-10-15 13:26:03,630 ec_base INFO setRate(1000.000000) done
2016-10-15 13:26:03,630 rtobject INFO 1 execution context was created.
2016-10-15 13:26:03,645 rtobject INFO Initial active configuration set is default.
2016-10-15 13:29:36,016 SdoServiceAdmin WARNING No available SDO service in the factory: 
2016-10-15 13:29:36,017 SdoServiceAdmin ERROR type  already exists.
2016-10-15 13:29:36,023 SdoServiceAdmin WARNING No available SDO service in the factory: IDL:OpenRTM/ComponentObserver:1.0
2016-10-15 13:29:36,023 SdoServiceAdmin ERROR type d9c7a50a-deb8-45fd-90fe-a46503de5be7 already exists.
2016-10-15 13:59:31,828 ec_worker ERROR State of the RTC is not ACTIVE_STATE.
2016-10-15 14:11:21,701 ec_worker ERROR State of the RTC is not ACTIVE_STATE.
2016-10-15 14:13:24,964 ec_worker ERROR State of the RTC is not ACTIVE_STATE.
2016-10-15 14:13:24,976 ec_worker WARNING ExecutionContext is already stopped.
2016-10-15 14:13:24,976 ec_base ERROR Invoking on_shutdown() for each RTC failed.
