2016-10-15 13:38:54,019 manager INFO 1.1.0
2016-10-15 13:38:54,019 manager INFO Copyright (C) 2003-2010
2016-10-15 13:38:54,019 manager INFO   Noriaki Ando
2016-10-15 13:38:54,019 manager INFO   Intelligent Systems Research Institute, AIST
2016-10-15 13:38:54,019 manager INFO Manager starting.
2016-10-15 13:38:54,019 manager INFO Starting local logging.
2016-10-15 13:38:54,029 manager.namingmanager INFO NameServer connection succeeded: corba/localhost
2016-10-15 13:38:56,032 ManagerServant INFO Master manager not found
2016-10-15 13:38:56,036 manager WARNING Traceback (most recent call last):
  File "C:\Python27\Lib\site-packages\OpenRTM_aist\Manager.py", line 1900, in initManagerServant
    reffile = file(self._config.getProperty("manager.refstring_path"),'w')
IOError: [Errno 2] No such file or directory: '/var/log/rtcmanager.ref'

2016-10-15 13:38:56,036 LocalServiceAdmin INFO All the local services are enabled.
2016-10-15 13:38:56,056 ec_base INFO setRate(1000000.000000) done
2016-10-15 13:38:56,058 ec_base INFO setRate(1000.000000) done
2016-10-15 13:38:56,059 rtobject INFO 1 execution context was created.
2016-10-15 13:38:56,069 rtobject INFO Initial active configuration set is default.
2016-10-15 13:38:59,717 SdoServiceAdmin WARNING No available SDO service in the factory: 
2016-10-15 13:38:59,717 SdoServiceAdmin ERROR type  already exists.
2016-10-15 13:38:59,723 SdoServiceAdmin WARNING No available SDO service in the factory: IDL:OpenRTM/ComponentObserver:1.0
2016-10-15 13:38:59,723 SdoServiceAdmin ERROR type cbbd3cd3-eee8-47b1-a461-0382fac48006 already exists.
2016-10-15 13:39:56,180 ec_base ERROR The component is not responding.
2016-10-15 13:39:56,180 ec_base ERROR Unknown error: Invalid state transition.
2016-10-15 13:40:23,891 ec_worker ERROR State of the RTC is not ACTIVE_STATE.
2016-10-15 13:40:23,900 ec_worker WARNING ExecutionContext is already stopped.
2016-10-15 13:40:23,901 ec_base ERROR Invoking on_shutdown() for each RTC failed.
