2016-10-04 11:57:15,190 manager INFO 1.1.0
2016-10-04 11:57:15,190 manager INFO Copyright (C) 2003-2010
2016-10-04 11:57:15,190 manager INFO   Noriaki Ando
2016-10-04 11:57:15,190 manager INFO   Intelligent Systems Research Institute, AIST
2016-10-04 11:57:15,190 manager INFO Manager starting.
2016-10-04 11:57:15,190 manager INFO Starting local logging.
2016-10-04 11:57:15,197 manager.namingmanager INFO NameServer connection succeeded: corba/localhost
2016-10-04 11:57:17,211 ManagerServant INFO Master manager not found
2016-10-04 11:57:17,214 manager WARNING Traceback (most recent call last):
  File "C:\Python27\Lib\site-packages\OpenRTM_aist\Manager.py", line 1900, in initManagerServant
    reffile = file(self._config.getProperty("manager.refstring_path"),'w')
IOError: [Errno 2] No such file or directory: '/var/log/rtcmanager.ref'

2016-10-04 11:57:17,216 LocalServiceAdmin INFO All the local services are enabled.
2016-10-04 11:57:17,234 ec_base INFO setRate(1000000.000000) done
2016-10-04 11:57:17,234 ec_base INFO setRate(1000.000000) done
2016-10-04 11:57:17,236 rtobject INFO 1 execution context was created.
2016-10-04 11:57:17,249 rtobject INFO Initial active configuration set is default.
2016-10-04 11:57:37,336 SdoServiceAdmin WARNING No available SDO service in the factory: 
2016-10-04 11:57:37,336 SdoServiceAdmin ERROR type  already exists.
2016-10-04 11:57:37,434 SdoServiceAdmin WARNING No available SDO service in the factory: IDL:OpenRTM/ComponentObserver:1.0
2016-10-04 11:57:37,434 SdoServiceAdmin ERROR type b9821f01-afb4-45c0-b38f-ae9914c7d091 already exists.
2016-10-04 12:02:01,244 ec_worker ERROR State of the RTC is not INACTIVE_STATE.
2016-10-04 12:02:22,900 ec_worker ERROR State of the RTC is not INACTIVE_STATE.
2016-10-04 12:12:15,979 ec_worker ERROR State of the RTC is not ACTIVE_STATE.
2016-10-04 12:49:31,551 ec_worker ERROR State of the RTC is not ACTIVE_STATE.
2016-10-04 12:49:32,730 ec_worker ERROR State of the RTC is not ACTIVE_STATE.
