2016-09-23 13:12:22,155 manager INFO 1.1.0
2016-09-23 13:12:22,155 manager INFO Copyright (C) 2003-2010
2016-09-23 13:12:22,155 manager INFO   Noriaki Ando
2016-09-23 13:12:22,155 manager INFO   Intelligent Systems Research Institute, AIST
2016-09-23 13:12:22,155 manager INFO Manager starting.
2016-09-23 13:12:22,155 manager INFO Starting local logging.
2016-09-23 13:12:22,155 manager.namingmanager INFO NameServer connection succeeded: corba/localhost
2016-09-23 13:12:24,214 ManagerServant INFO Master manager not found
2016-09-23 13:12:24,214 manager WARNING Traceback (most recent call last):
  File "C:\Python27\Lib\site-packages\OpenRTM_aist\Manager.py", line 1900, in initManagerServant
    reffile = file(self._config.getProperty("manager.refstring_path"),'w')
IOError: [Errno 2] No such file or directory: '/var/log/rtcmanager.ref'

2016-09-23 13:12:24,214 LocalServiceAdmin INFO All the local services are enabled.
2016-09-23 13:12:24,230 ec_base INFO setRate(1000000.000000) done
2016-09-23 13:12:24,230 ec_base INFO setRate(1000.000000) done
2016-09-23 13:12:24,230 rtobject INFO 1 execution context was created.
2016-09-23 13:12:24,230 rtobject INFO Initial active configuration set is default.
2016-09-23 13:12:33,147 SdoServiceAdmin WARNING No available SDO service in the factory: 
2016-09-23 13:12:33,147 SdoServiceAdmin ERROR type  already exists.
2016-09-23 13:12:33,150 SdoServiceAdmin WARNING No available SDO service in the factory: IDL:OpenRTM/ComponentObserver:1.0
2016-09-23 13:12:33,150 SdoServiceAdmin ERROR type 541e5e08-80f8-4237-be92-65abea97070e already exists.
2016-09-23 13:16:52,321 ec_worker ERROR State of the RTC is not ACTIVE_STATE.
2016-09-23 13:16:52,332 ec_worker WARNING ExecutionContext is already stopped.
2016-09-23 13:16:52,332 ec_base ERROR Invoking on_shutdown() for each RTC failed.
