2016-10-01 14:37:07,894 manager INFO 1.1.0
2016-10-01 14:37:07,894 manager INFO Copyright (C) 2003-2010
2016-10-01 14:37:07,894 manager INFO   Noriaki Ando
2016-10-01 14:37:07,894 manager INFO   Intelligent Systems Research Institute, AIST
2016-10-01 14:37:07,894 manager INFO Manager starting.
2016-10-01 14:37:07,894 manager INFO Starting local logging.
2016-10-01 14:37:07,913 manager.namingmanager INFO NameServer connection succeeded: corba/localhost
2016-10-01 14:37:09,934 ManagerServant INFO Master manager not found
2016-10-01 14:37:09,937 manager WARNING Traceback (most recent call last):
  File "C:\Python27\Lib\site-packages\OpenRTM_aist\Manager.py", line 1900, in initManagerServant
    reffile = file(self._config.getProperty("manager.refstring_path"),'w')
IOError: [Errno 2] No such file or directory: '/var/log/rtcmanager.ref'

2016-10-01 14:37:09,938 LocalServiceAdmin INFO All the local services are enabled.
2016-10-01 14:37:09,959 ec_base INFO setRate(1000000.000000) done
2016-10-01 14:37:09,960 ec_base INFO setRate(1000.000000) done
2016-10-01 14:37:09,960 rtobject INFO 1 execution context was created.
2016-10-01 14:37:09,974 rtobject INFO Initial active configuration set is default.
2016-10-01 14:37:16,984 SdoServiceAdmin WARNING No available SDO service in the factory: 
2016-10-01 14:37:16,984 SdoServiceAdmin ERROR type  already exists.
2016-10-01 14:37:16,989 SdoServiceAdmin WARNING No available SDO service in the factory: IDL:OpenRTM/ComponentObserver:1.0
2016-10-01 14:37:16,989 SdoServiceAdmin ERROR type fc98eb1d-97e5-4d7b-8504-c493dc0d1c9c already exists.
2016-10-01 14:40:26,176 ec_worker ERROR State of the RTC is not INACTIVE_STATE.
2016-10-01 14:45:52,730 ec_worker ERROR State of the RTC is not ACTIVE_STATE.
2016-10-01 14:59:49,891 ec_worker WARNING ExecutionContext is already stopped.
2016-10-01 14:59:49,891 ec_base ERROR Invoking on_shutdown() for each RTC failed.
