2016-10-01 14:36:00,290 manager INFO 1.1.0
2016-10-01 14:36:00,290 manager INFO Copyright (C) 2003-2010
2016-10-01 14:36:00,290 manager INFO   Noriaki Ando
2016-10-01 14:36:00,290 manager INFO   Intelligent Systems Research Institute, AIST
2016-10-01 14:36:00,290 manager INFO Manager starting.
2016-10-01 14:36:00,292 manager INFO Starting local logging.
2016-10-01 14:36:00,299 manager.namingmanager INFO NameServer connection succeeded: corba/localhost
2016-10-01 14:36:02,312 ManagerServant INFO Master manager not found
2016-10-01 14:36:02,315 manager WARNING Traceback (most recent call last):
  File "C:\Python27\Lib\site-packages\OpenRTM_aist\Manager.py", line 1900, in initManagerServant
    reffile = file(self._config.getProperty("manager.refstring_path"),'w')
IOError: [Errno 2] No such file or directory: '/var/log/rtcmanager.ref'

2016-10-01 14:36:02,315 LocalServiceAdmin INFO All the local services are enabled.
2016-10-01 14:36:02,332 ec_base INFO setRate(1000000.000000) done
2016-10-01 14:36:02,332 ec_base INFO setRate(1000.000000) done
2016-10-01 14:36:02,334 rtobject INFO 1 execution context was created.
2016-10-01 14:36:02,342 rtobject INFO Initial active configuration set is default.
2016-10-01 14:36:59,782 SdoServiceAdmin WARNING No available SDO service in the factory: 
2016-10-01 14:36:59,782 SdoServiceAdmin ERROR type  already exists.
2016-10-01 14:36:59,890 SdoServiceAdmin WARNING No available SDO service in the factory: IDL:OpenRTM/ComponentObserver:1.0
2016-10-01 14:36:59,890 SdoServiceAdmin ERROR type 8d1fc703-7c01-45c6-b5c2-f37770aa47f9 already exists.
2016-10-01 14:40:26,174 ec_worker ERROR State of the RTC is not INACTIVE_STATE.
2016-10-01 14:45:52,730 ec_worker ERROR State of the RTC is not ACTIVE_STATE.
2016-10-01 14:59:47,061 ec_worker WARNING ExecutionContext is already stopped.
2016-10-01 14:59:47,061 ec_base ERROR Invoking on_shutdown() for each RTC failed.
